000 (554435.000.000) 08/13 23:04:05 Job submitted from host: <137.99.79.251:9618?addrs=137.99.79.251-9618+[--1]-9618&noUDP&sock=4053_be05_3>
...
000 (554435.001.000) 08/13 23:04:05 Job submitted from host: <137.99.79.251:9618?addrs=137.99.79.251-9618+[--1]-9618&noUDP&sock=4053_be05_3>
...
000 (554435.002.000) 08/13 23:04:05 Job submitted from host: <137.99.79.251:9618?addrs=137.99.79.251-9618+[--1]-9618&noUDP&sock=4053_be05_3>
...
000 (554435.003.000) 08/13 23:04:05 Job submitted from host: <137.99.79.251:9618?addrs=137.99.79.251-9618+[--1]-9618&noUDP&sock=4053_be05_3>
...
000 (554435.004.000) 08/13 23:04:05 Job submitted from host: <137.99.79.251:9618?addrs=137.99.79.251-9618+[--1]-9618&noUDP&sock=4053_be05_3>
...
001 (554435.003.000) 08/13 23:14:20 Job executing on host: <137.99.79.238:9618?addrs=137.99.79.238-9618+[--1]-9618&noUDP&sock=4217_ffa4_4>
...
001 (554435.001.000) 08/13 23:14:20 Job executing on host: <137.99.79.240:9618?addrs=137.99.79.240-9618+[--1]-9618&noUDP&sock=3288_8b73_4>
...
001 (554435.002.000) 08/13 23:14:21 Job executing on host: <137.99.79.223:9618?addrs=137.99.79.223-9618+[--1]-9618&noUDP&sock=4189_878e_4>
...
006 (554435.001.000) 08/13 23:14:23 Image size of job updated: 40284
	0  -  MemoryUsage of job (MB)
	0  -  ResidentSetSize of job (KB)
...
005 (554435.001.000) 08/13 23:14:23 Job terminated.
	(1) Normal termination (return value 1)
		Usr 0 00:00:01, Sys 0 00:00:00  -  Run Remote Usage
		Usr 0 00:00:00, Sys 0 00:00:00  -  Run Local Usage
		Usr 0 00:00:01, Sys 0 00:00:00  -  Total Remote Usage
		Usr 0 00:00:00, Sys 0 00:00:00  -  Total Local Usage
	322  -  Run Bytes Sent By Job
	122452800  -  Run Bytes Received By Job
	322  -  Total Bytes Sent By Job
	122452800  -  Total Bytes Received By Job
	Partitionable Resources :    Usage  Request Allocated
	   Cpus                 :                 1         1
	   Disk (KB)            :   125000   125000    862036
	   Memory (MB)          :        0        1         1
...
006 (554435.003.000) 08/13 23:14:23 Image size of job updated: 1
	0  -  MemoryUsage of job (MB)
	0  -  ResidentSetSize of job (KB)
...
005 (554435.003.000) 08/13 23:14:24 Job terminated.
	(1) Normal termination (return value 1)
		Usr 0 00:00:01, Sys 0 00:00:00  -  Run Remote Usage
		Usr 0 00:00:00, Sys 0 00:00:00  -  Run Local Usage
		Usr 0 00:00:01, Sys 0 00:00:00  -  Total Remote Usage
		Usr 0 00:00:00, Sys 0 00:00:00  -  Total Local Usage
	322  -  Run Bytes Sent By Job
	122452800  -  Run Bytes Received By Job
	322  -  Total Bytes Sent By Job
	122452800  -  Total Bytes Received By Job
	Partitionable Resources :    Usage  Request Allocated
	   Cpus                 :                 1         1
	   Disk (KB)            :   125000   125000    820698
	   Memory (MB)          :        0        1         1
...
006 (554435.002.000) 08/13 23:14:24 Image size of job updated: 1
	0  -  MemoryUsage of job (MB)
	0  -  ResidentSetSize of job (KB)
...
005 (554435.002.000) 08/13 23:14:24 Job terminated.
	(1) Normal termination (return value 1)
		Usr 0 00:00:01, Sys 0 00:00:00  -  Run Remote Usage
		Usr 0 00:00:00, Sys 0 00:00:00  -  Run Local Usage
		Usr 0 00:00:01, Sys 0 00:00:00  -  Total Remote Usage
		Usr 0 00:00:00, Sys 0 00:00:00  -  Total Local Usage
	322  -  Run Bytes Sent By Job
	122452800  -  Run Bytes Received By Job
	322  -  Total Bytes Sent By Job
	122452800  -  Total Bytes Received By Job
	Partitionable Resources :    Usage  Request Allocated
	   Cpus                 :                 1         1
	   Disk (KB)            :   125000   125000    867276
	   Memory (MB)          :        0        1         1
...
001 (554435.000.000) 08/13 23:14:28 Job executing on host: <137.99.79.240:9618?addrs=137.99.79.240-9618+[--1]-9618&noUDP&sock=3288_8b73_4>
...
001 (554435.004.000) 08/13 23:14:28 Job executing on host: <137.99.79.238:9618?addrs=137.99.79.238-9618+[--1]-9618&noUDP&sock=4217_ffa4_4>
...
006 (554435.004.000) 08/13 23:14:30 Image size of job updated: 4
	0  -  MemoryUsage of job (MB)
	0  -  ResidentSetSize of job (KB)
...
005 (554435.004.000) 08/13 23:14:30 Job terminated.
	(1) Normal termination (return value 1)
		Usr 0 00:00:01, Sys 0 00:00:00  -  Run Remote Usage
		Usr 0 00:00:00, Sys 0 00:00:00  -  Run Local Usage
		Usr 0 00:00:01, Sys 0 00:00:00  -  Total Remote Usage
		Usr 0 00:00:00, Sys 0 00:00:00  -  Total Local Usage
	322  -  Run Bytes Sent By Job
	122452800  -  Run Bytes Received By Job
	322  -  Total Bytes Sent By Job
	122452800  -  Total Bytes Received By Job
	Partitionable Resources :    Usage  Request Allocated
	   Cpus                 :                 1         1
	   Disk (KB)            :   125000   125000    820698
	   Memory (MB)          :        0        1         1
...
006 (554435.000.000) 08/13 23:14:30 Image size of job updated: 6916
	0  -  MemoryUsage of job (MB)
	0  -  ResidentSetSize of job (KB)
...
005 (554435.000.000) 08/13 23:14:30 Job terminated.
	(1) Normal termination (return value 1)
		Usr 0 00:00:01, Sys 0 00:00:00  -  Run Remote Usage
		Usr 0 00:00:00, Sys 0 00:00:00  -  Run Local Usage
		Usr 0 00:00:01, Sys 0 00:00:00  -  Total Remote Usage
		Usr 0 00:00:00, Sys 0 00:00:00  -  Total Local Usage
	322  -  Run Bytes Sent By Job
	122452800  -  Run Bytes Received By Job
	322  -  Total Bytes Sent By Job
	122452800  -  Total Bytes Received By Job
	Partitionable Resources :    Usage  Request Allocated
	   Cpus                 :                 1         1
	   Disk (KB)            :   125000   125000    862036
	   Memory (MB)          :        0        1         1
...
