000 (554431.000.000) 08/13 22:13:42 Job submitted from host: <137.99.79.251:9618?addrs=137.99.79.251-9618+[--1]-9618&noUDP&sock=4053_be05_3>
...
000 (554431.001.000) 08/13 22:13:42 Job submitted from host: <137.99.79.251:9618?addrs=137.99.79.251-9618+[--1]-9618&noUDP&sock=4053_be05_3>
...
000 (554431.002.000) 08/13 22:13:42 Job submitted from host: <137.99.79.251:9618?addrs=137.99.79.251-9618+[--1]-9618&noUDP&sock=4053_be05_3>
...
000 (554431.003.000) 08/13 22:13:42 Job submitted from host: <137.99.79.251:9618?addrs=137.99.79.251-9618+[--1]-9618&noUDP&sock=4053_be05_3>
...
000 (554431.004.000) 08/13 22:13:42 Job submitted from host: <137.99.79.251:9618?addrs=137.99.79.251-9618+[--1]-9618&noUDP&sock=4053_be05_3>
...
001 (554431.002.000) 08/13 22:19:30 Job executing on host: <137.99.79.223:9618?addrs=137.99.79.223-9618+[--1]-9618&noUDP&sock=4189_878e_4>
...
001 (554431.000.000) 08/13 22:19:30 Job executing on host: <137.99.79.175:9618?addrs=137.99.79.175-9618+[--1]-9618&noUDP&sock=5762_80c1_4>
...
001 (554431.001.000) 08/13 22:19:30 Job executing on host: <137.99.79.180:9618?addrs=137.99.79.180-9618+[--1]-9618&noUDP&sock=6882_70ee_4>
...
006 (554431.000.000) 08/13 22:19:35 Image size of job updated: 59404
	0  -  MemoryUsage of job (MB)
	0  -  ResidentSetSize of job (KB)
...
001 (554431.003.000) 08/13 22:19:36 Job executing on host: <137.99.79.220:9618?addrs=137.99.79.220-9618+[--1]-9618&noUDP&sock=4360_c377_4>
...
001 (554431.004.000) 08/13 22:19:36 Job executing on host: <137.99.79.220:9618?addrs=137.99.79.220-9618+[--1]-9618&noUDP&sock=4360_c377_4>
...
005 (554431.000.000) 08/13 22:19:36 Job terminated.
	(1) Normal termination (return value 0)
		Usr 0 00:00:03, Sys 0 00:00:00  -  Run Remote Usage
		Usr 0 00:00:00, Sys 0 00:00:00  -  Run Local Usage
		Usr 0 00:00:03, Sys 0 00:00:00  -  Total Remote Usage
		Usr 0 00:00:00, Sys 0 00:00:00  -  Total Local Usage
	72  -  Run Bytes Sent By Job
	377  -  Run Bytes Received By Job
	72  -  Total Bytes Sent By Job
	377  -  Total Bytes Received By Job
	Partitionable Resources :    Usage  Request Allocated
	   Cpus                 :                 1         1
	   Disk (KB)            :       13        1   9036023
	   Memory (MB)          :        0        1         1
...
006 (554431.001.000) 08/13 22:19:37 Image size of job updated: 111092
	0  -  MemoryUsage of job (MB)
	0  -  ResidentSetSize of job (KB)
...
006 (554431.002.000) 08/13 22:19:37 Image size of job updated: 155564
	0  -  MemoryUsage of job (MB)
	0  -  ResidentSetSize of job (KB)
...
005 (554431.001.000) 08/13 22:19:38 Job terminated.
	(1) Normal termination (return value 0)
		Usr 0 00:00:03, Sys 0 00:00:02  -  Run Remote Usage
		Usr 0 00:00:00, Sys 0 00:00:00  -  Run Local Usage
		Usr 0 00:00:03, Sys 0 00:00:02  -  Total Remote Usage
		Usr 0 00:00:00, Sys 0 00:00:00  -  Total Local Usage
	70  -  Run Bytes Sent By Job
	377  -  Run Bytes Received By Job
	70  -  Total Bytes Sent By Job
	377  -  Total Bytes Received By Job
	Partitionable Resources :    Usage  Request Allocated
	   Cpus                 :                 1         1
	   Disk (KB)            :       13        1   9024129
	   Memory (MB)          :        0        1         1
...
005 (554431.002.000) 08/13 22:19:38 Job terminated.
	(1) Normal termination (return value 0)
		Usr 0 00:00:04, Sys 0 00:00:00  -  Run Remote Usage
		Usr 0 00:00:00, Sys 0 00:00:00  -  Run Local Usage
		Usr 0 00:00:04, Sys 0 00:00:00  -  Total Remote Usage
		Usr 0 00:00:00, Sys 0 00:00:00  -  Total Local Usage
	72  -  Run Bytes Sent By Job
	377  -  Run Bytes Received By Job
	72  -  Total Bytes Sent By Job
	377  -  Total Bytes Received By Job
	Partitionable Resources :    Usage  Request Allocated
	   Cpus                 :                 1         1
	   Disk (KB)            :       13        1    867276
	   Memory (MB)          :        0        1         1
...
006 (554431.004.000) 08/13 22:19:45 Image size of job updated: 134896
	130  -  MemoryUsage of job (MB)
	132348  -  ResidentSetSize of job (KB)
...
006 (554431.003.000) 08/13 22:19:45 Image size of job updated: 155476
	151  -  MemoryUsage of job (MB)
	154116  -  ResidentSetSize of job (KB)
...
006 (554431.003.000) 08/13 22:20:01 Image size of job updated: 374392
	151  -  MemoryUsage of job (MB)
	154116  -  ResidentSetSize of job (KB)
...
005 (554431.003.000) 08/13 22:20:02 Job terminated.
	(1) Normal termination (return value 0)
		Usr 0 00:00:04, Sys 0 00:00:00  -  Run Remote Usage
		Usr 0 00:00:00, Sys 0 00:00:00  -  Run Local Usage
		Usr 0 00:00:04, Sys 0 00:00:00  -  Total Remote Usage
		Usr 0 00:00:00, Sys 0 00:00:00  -  Total Local Usage
	72  -  Run Bytes Sent By Job
	377  -  Run Bytes Received By Job
	72  -  Total Bytes Sent By Job
	377  -  Total Bytes Received By Job
	Partitionable Resources :    Usage  Request Allocated
	   Cpus                 :                 1         1
	   Disk (KB)            :       13        1     84952
	   Memory (MB)          :      151      104       128
...
006 (554431.004.000) 08/13 22:20:07 Image size of job updated: 370708
	130  -  MemoryUsage of job (MB)
	132348  -  ResidentSetSize of job (KB)
...
005 (554431.004.000) 08/13 22:20:08 Job terminated.
	(1) Normal termination (return value 0)
		Usr 0 00:00:04, Sys 0 00:00:01  -  Run Remote Usage
		Usr 0 00:00:00, Sys 0 00:00:00  -  Run Local Usage
		Usr 0 00:00:04, Sys 0 00:00:01  -  Total Remote Usage
		Usr 0 00:00:00, Sys 0 00:00:00  -  Total Local Usage
	72  -  Run Bytes Sent By Job
	377  -  Run Bytes Received By Job
	72  -  Total Bytes Sent By Job
	377  -  Total Bytes Received By Job
	Partitionable Resources :    Usage  Request Allocated
	   Cpus                 :                 1         1
	   Disk (KB)            :       13        1     84952
	   Memory (MB)          :      130      125       128
...
