000 (554611.000.000) 08/16 08:55:42 Job submitted from host: <137.99.79.251:9618?addrs=137.99.79.251-9618+[--1]-9618&noUDP&sock=4053_be05_3>
...
001 (554611.000.000) 08/16 08:59:53 Job executing on host: <137.99.79.173:9618?addrs=137.99.79.173-9618+[--1]-9618&noUDP&sock=5741_3059_4>
...
006 (554611.000.000) 08/16 08:59:54 Image size of job updated: 1
	0  -  MemoryUsage of job (MB)
	0  -  ResidentSetSize of job (KB)
...
005 (554611.000.000) 08/16 08:59:54 Job terminated.
	(1) Normal termination (return value 1)
		Usr 0 00:00:00, Sys 0 00:00:00  -  Run Remote Usage
		Usr 0 00:00:00, Sys 0 00:00:00  -  Run Local Usage
		Usr 0 00:00:00, Sys 0 00:00:00  -  Total Remote Usage
		Usr 0 00:00:00, Sys 0 00:00:00  -  Total Local Usage
	273  -  Run Bytes Sent By Job
	124785424  -  Run Bytes Received By Job
	273  -  Total Bytes Sent By Job
	124785424  -  Total Bytes Received By Job
	Partitionable Resources :    Usage  Request Allocated
	   Cpus                 :                 1         1
	   Disk (KB)            :   125000   125000   9039176
	   Memory (MB)          :        0        1         1
...
